#
# There is insufficient memory for the Java Runtime Environment to continue.
# Native memory allocation (malloc) failed to allocate 490496 bytes for Chunk::new
# Possible reasons:
#   The system is out of physical RAM or swap space
#   In 32 bit mode, the process size limit was hit
# Possible solutions:
#   Reduce memory load on the system
#   Increase physical memory or swap space
#   Check if swap backing store is full
#   Use 64 bit Java on a 64 bit OS
#   Decrease Java heap size (-Xmx/-Xms)
#   Decrease number of Java threads
#   Decrease Java thread stack sizes (-Xss)
#   Set larger code cache with -XX:ReservedCodeCacheSize=
# This output file may be truncated or incomplete.
#
#  Out of Memory Error (allocation.cpp:390), pid=4852, tid=9176
#
# JRE version: Java(TM) SE Runtime Environment (8.0_25-b18) (build 1.8.0_25-b18)
# Java VM: Java HotSpot(TM) 64-Bit Server VM (25.25-b02 mixed mode windows-amd64 compressed oops)
# Failed to write core dump. Minidumps are not enabled by default on client versions of Windows
#

---------------  T H R E A D  ---------------

Current thread (0x00000000157bd000):  JavaThread "C2 CompilerThread1" daemon [_thread_in_native, id=9176, stack(0x00000000171c0000,0x00000000172c0000)]

Stack: [0x00000000171c0000,0x00000000172c0000]
Native frames: (J=compiled Java code, j=interpreted, Vv=VM code, C=native code)
V  [jvm.dll+0x31667a]


Current CompileTask:
C2:  32904 2449       4       java.util.TreeMap$Entry::hashCode (42 bytes)


---------------  P R O C E S S  ---------------

Java Threads: ( => current thread )
  0x0000000016e18000 JavaThread "Service Thread" daemon [_thread_blocked, id=8312, stack(0x00000000173c0000,0x00000000174c0000)]
  0x0000000016e12800 JavaThread "C1 CompilerThread2" daemon [_thread_in_native, id=9136, stack(0x00000000172c0000,0x00000000173c0000)]
=>0x00000000157bd000 JavaThread "C2 CompilerThread1" daemon [_thread_in_native, id=9176, stack(0x00000000171c0000,0x00000000172c0000)]
  0x00000000157ba000 JavaThread "C2 CompilerThread0" daemon [_thread_in_native, id=8488, stack(0x0000000016cc0000,0x0000000016dc0000)]
  0x00000000157b8800 JavaThread "Attach Listener" daemon [_thread_blocked, id=8836, stack(0x0000000016bc0000,0x0000000016cc0000)]
  0x000000001576d800 JavaThread "Signal Dispatcher" daemon [_thread_blocked, id=8532, stack(0x0000000016ac0000,0x0000000016bc0000)]
  0x000000000307f800 JavaThread "Finalizer" daemon [_thread_blocked, id=6044, stack(0x00000000169c0000,0x0000000016ac0000)]
  0x000000000307c000 JavaThread "Reference Handler" daemon [_thread_blocked, id=8992, stack(0x00000000168c0000,0x00000000169c0000)]
  0x00000000012de000 JavaThread "main" [_thread_in_vm, id=1284, stack(0x0000000002b50000,0x0000000002c50000)]

Other Threads:
  0x0000000015727000 VMThread [stack: 0x00000000167c0000,0x00000000168c0000] [id=9656]
  0x0000000016e2b000 WatcherThread [stack: 0x00000000174c0000,0x00000000175c0000] [id=8376]

VM state:not at safepoint (normal execution)

VM Mutex/Monitor currently owned by a thread: None

Heap:
 PSYoungGen      total 207360K, used 46827K [0x00000000eab00000, 0x00000000fde80000, 0x0000000100000000)
  eden space 178688K, 10% used [0x00000000eab00000,0x00000000ebd296d8,0x00000000f5980000)
  from space 28672K, 98% used [0x00000000fc280000,0x00000000fde11660,0x00000000fde80000)
  to   space 34304K, 0% used [0x00000000f9b80000,0x00000000f9b80000,0x00000000fbd00000)
 ParOldGen       total 88576K, used 44125K [0x00000000c0000000, 0x00000000c5680000, 0x00000000eab00000)
  object space 88576K, 49% used [0x00000000c0000000,0x00000000c2b174f0,0x00000000c5680000)
 Metaspace       used 6617K, capacity 7320K, committed 7680K, reserved 1056768K
  class space    used 624K, capacity 656K, committed 768K, reserved 1048576K

Card table byte_map: [0x0000000012450000,0x0000000012660000] byte_map_base: 0x0000000011e50000

Marking Bits: (ParMarkBitMap*) 0x0000000053b0d490
 Begin Bits: [0x0000000012bc0000, 0x0000000013bc0000)
 End Bits:   [0x0000000013bc0000, 0x0000000014bc0000)

Polling page: 0x0000000001270000

CodeCache: size=245760Kb used=8874Kb max_used=10753Kb free=236885Kb
 bounds [0x0000000003090000, 0x0000000003b30000, 0x0000000012090000]
 total_blobs=2213 nmethods=1946 adapters=180
 compilation: enabled

Compilation events (10 events):
Event: 32.823 Thread 0x0000000016e12800 nmethod 2450 0x00000000031aa4d0 code [0x00000000031aa680, 0x00000000031aac08]
Event: 32.824 Thread 0x00000000157ba000 2451       4       java.util.TreeMap$Values::iterator (19 bytes)
Event: 32.828 Thread 0x00000000157ba000 nmethod 2451 0x000000000331c310 code [0x000000000331c460, 0x000000000331c5b8]
Event: 32.832 Thread 0x0000000016e12800 2452       3       com.android.dx.dex.file.AnnotationSetItem::itemType (4 bytes)
Event: 32.832 Thread 0x0000000016e12800 nmethod 2452 0x000000000335fb50 code [0x000000000335fca0, 0x000000000335fdf0]
Event: 32.834 Thread 0x0000000016e12800 2453       3       com.android.dx.dex.file.AnnotationsDirectoryItem::itemType (4 bytes)
Event: 32.834 Thread 0x0000000016e12800 nmethod 2453 0x00000000033ee190 code [0x00000000033ee2e0, 0x00000000033ee430]
Event: 32.835 Thread 0x0000000016e12800 2454       3       com.android.dx.dex.file.AnnotationsDirectoryItem::addContents (160 bytes)
Event: 32.835 Thread 0x00000000157ba000 2455       4       java.util.AbstractMap::hashCode (43 bytes)
Event: 32.837 Thread 0x0000000016e12800 nmethod 2454 0x00000000032d6fd0 code [0x00000000032d7320, 0x00000000032d9378]

GC Heap History (10 events):
Event: 11.798 GC heap before
{Heap before GC invocations=5 (full 0):
 PSYoungGen      total 68096K, used 68089K [0x00000000eab00000, 0x00000000ef000000, 0x0000000100000000)
  eden space 65536K, 100% used [0x00000000eab00000,0x00000000eeb00000,0x00000000eeb00000)
  from space 2560K, 99% used [0x00000000eed80000,0x00000000eeffe408,0x00000000ef000000)
  to   space 2560K, 0% used [0x00000000eeb00000,0x00000000eeb00000,0x00000000eed80000)
 ParOldGen       total 44032K, used 13517K [0x00000000c0000000, 0x00000000c2b00000, 0x00000000eab00000)
  object space 44032K, 30% used [0x00000000c0000000,0x00000000c0d33650,0x00000000c2b00000)
 Metaspace       used 6318K, capacity 7152K, committed 7296K, reserved 1056768K
  class space    used 598K, capacity 616K, committed 640K, reserved 1048576K
Event: 11.983 GC heap after
Heap after GC invocations=5 (full 0):
 PSYoungGen      total 68096K, used 2541K [0x00000000eab00000, 0x00000000f4900000, 0x0000000100000000)
  eden space 65536K, 0% used [0x00000000eab00000,0x00000000eab00000,0x00000000eeb00000)
  from space 2560K, 99% used [0x00000000eeb00000,0x00000000eed7b690,0x00000000eed80000)
  to   space 15360K, 0% used [0x00000000f3a00000,0x00000000f3a00000,0x00000000f4900000)
 ParOldGen       total 44032K, used 24255K [0x00000000c0000000, 0x00000000c2b00000, 0x00000000eab00000)
  object space 44032K, 55% used [0x00000000c0000000,0x00000000c17afc28,0x00000000c2b00000)
 Metaspace       used 6318K, capacity 7152K, committed 7296K, reserved 1056768K
  class space    used 598K, capacity 616K, committed 640K, reserved 1048576K
}
Event: 14.851 GC heap before
{Heap before GC invocations=6 (full 0):
 PSYoungGen      total 68096K, used 68077K [0x00000000eab00000, 0x00000000f4900000, 0x0000000100000000)
  eden space 65536K, 100% used [0x00000000eab00000,0x00000000eeb00000,0x00000000eeb00000)
  from space 2560K, 99% used [0x00000000eeb00000,0x00000000eed7b690,0x00000000eed80000)
  to   space 15360K, 0% used [0x00000000f3a00000,0x00000000f3a00000,0x00000000f4900000)
 ParOldGen       total 44032K, used 24255K [0x00000000c0000000, 0x00000000c2b00000, 0x00000000eab00000)
  object space 44032K, 55% used [0x00000000c0000000,0x00000000c17afc28,0x00000000c2b00000)
 Metaspace       used 6416K, capacity 7216K, committed 7296K, reserved 1056768K
  class space    used 598K, capacity 616K, committed 640K, reserved 1048576K
Event: 15.027 GC heap after
Heap after GC invocations=6 (full 0):
 PSYoungGen      total 143872K, used 13699K [0x00000000eab00000, 0x00000000f4e00000, 0x0000000100000000)
  eden space 128512K, 0% used [0x00000000eab00000,0x00000000eab00000,0x00000000f2880000)
  from space 15360K, 89% used [0x00000000f3a00000,0x00000000f4760de8,0x00000000f4900000)
  to   space 17920K, 0% used [0x00000000f2880000,0x00000000f2880000,0x00000000f3a00000)
 ParOldGen       total 44032K, used 24255K [0x00000000c0000000, 0x00000000c2b00000, 0x00000000eab00000)
  object space 44032K, 55% used [0x00000000c0000000,0x00000000c17afc28,0x00000000c2b00000)
 Metaspace       used 6416K, capacity 7216K, committed 7296K, reserved 1056768K
  class space    used 598K, capacity 616K, committed 640K, reserved 1048576K
}
Event: 17.994 GC heap before
{Heap before GC invocations=7 (full 0):
 PSYoungGen      total 143872K, used 142211K [0x00000000eab00000, 0x00000000f4e00000, 0x0000000100000000)
  eden space 128512K, 100% used [0x00000000eab00000,0x00000000f2880000,0x00000000f2880000)
  from space 15360K, 89% used [0x00000000f3a00000,0x00000000f4760de8,0x00000000f4900000)
  to   space 17920K, 0% used [0x00000000f2880000,0x00000000f2880000,0x00000000f3a00000)
 ParOldGen       total 44032K, used 24255K [0x00000000c0000000, 0x00000000c2b00000, 0x00000000eab00000)
  object space 44032K, 55% used [0x00000000c0000000,0x00000000c17afc28,0x00000000c2b00000)
 Metaspace       used 6534K, capacity 7256K, committed 7424K, reserved 1056768K
  class space    used 618K, capacity 656K, committed 768K, reserved 1048576K
Event: 18.221 GC heap after
Heap after GC invocations=7 (full 0):
 PSYoungGen      total 146432K, used 17888K [0x00000000eab00000, 0x00000000fdf00000, 0x0000000100000000)
  eden space 128512K, 0% used [0x00000000eab00000,0x00000000eab00000,0x00000000f2880000)
  from space 17920K, 99% used [0x00000000f2880000,0x00000000f39f8040,0x00000000f3a00000)
  to   space 29184K, 0% used [0x00000000fc280000,0x00000000fc280000,0x00000000fdf00000)
 ParOldGen       total 44032K, used 39767K [0x00000000c0000000, 0x00000000c2b00000, 0x00000000eab00000)
  object space 44032K, 90% used [0x00000000c0000000,0x00000000c26d5fe0,0x00000000c2b00000)
 Metaspace       used 6534K, capacity 7256K, committed 7424K, reserved 1056768K
  class space    used 618K, capacity 656K, committed 768K, reserved 1048576K
}
Event: 18.221 GC heap before
{Heap before GC invocations=8 (full 1):
 PSYoungGen      total 146432K, used 17888K [0x00000000eab00000, 0x00000000fdf00000, 0x0000000100000000)
  eden space 128512K, 0% used [0x00000000eab00000,0x00000000eab00000,0x00000000f2880000)
  from space 17920K, 99% used [0x00000000f2880000,0x00000000f39f8040,0x00000000f3a00000)
  to   space 29184K, 0% used [0x00000000fc280000,0x00000000fc280000,0x00000000fdf00000)
 ParOldGen       total 44032K, used 39767K [0x00000000c0000000, 0x00000000c2b00000, 0x00000000eab00000)
  object space 44032K, 90% used [0x00000000c0000000,0x00000000c26d5fe0,0x00000000c2b00000)
 Metaspace       used 6534K, capacity 7256K, committed 7424K, reserved 1056768K
  class space    used 618K, capacity 656K, committed 768K, reserved 1048576K
Event: 22.384 GC heap after
Heap after GC invocations=8 (full 1):
 PSYoungGen      total 146432K, used 9000K [0x00000000eab00000, 0x00000000fdf00000, 0x0000000100000000)
  eden space 128512K, 0% used [0x00000000eab00000,0x00000000eab00000,0x00000000f2880000)
  from space 17920K, 50% used [0x00000000f2880000,0x00000000f314a1e8,0x00000000f3a00000)
  to   space 29184K, 0% used [0x00000000fc280000,0x00000000fc280000,0x00000000fdf00000)
 ParOldGen       total 88576K, used 44021K [0x00000000c0000000, 0x00000000c5680000, 0x00000000eab00000)
  object space 88576K, 49% used [0x00000000c0000000,0x00000000c2afd4f0,0x00000000c5680000)
 Metaspace       used 6534K, capacity 7256K, committed 7424K, reserved 1056768K
  class space    used 618K, capacity 656K, committed 768K, reserved 1048576K
}
Event: 27.704 GC heap before
{Heap before GC invocations=9 (full 1):
 PSYoungGen      total 146432K, used 137512K [0x00000000eab00000, 0x00000000fdf00000, 0x0000000100000000)
  eden space 128512K, 100% used [0x00000000eab00000,0x00000000f2880000,0x00000000f2880000)
  from space 17920K, 50% used [0x00000000f2880000,0x00000000f314a1e8,0x00000000f3a00000)
  to   space 29184K, 0% used [0x00000000fc280000,0x00000000fc280000,0x00000000fdf00000)
 ParOldGen       total 88576K, used 44021K [0x00000000c0000000, 0x00000000c5680000, 0x00000000eab00000)
  object space 88576K, 49% used [0x00000000c0000000,0x00000000c2afd4f0,0x00000000c5680000)
 Metaspace       used 6550K, capacity 7256K, committed 7424K, reserved 1056768K
  class space    used 619K, capacity 656K, committed 768K, reserved 1048576K
Event: 30.728 GC heap after
Heap after GC invocations=9 (full 1):
 PSYoungGen      total 207360K, used 28229K [0x00000000eab00000, 0x00000000fde80000, 0x0000000100000000)
  eden space 178688K, 0% used [0x00000000eab00000,0x00000000eab00000,0x00000000f5980000)
  from space 28672K, 98% used [0x00000000fc280000,0x00000000fde11660,0x00000000fde80000)
  to   space 34304K, 0% used [0x00000000f9b80000,0x00000000f9b80000,0x00000000fbd00000)
 ParOldGen       total 88576K, used 44125K [0x00000000c0000000, 0x00000000c5680000, 0x00000000eab00000)
  object space 88576K, 49% used [0x00000000c0000000,0x00000000c2b174f0,0x00000000c5680000)
 Metaspace       used 6550K, capacity 7256K, committed 7424K, reserved 1056768K
  class space    used 619K, capacity 656K, committed 768K, reserved 1048576K
}

Deoptimization events (10 events):
Event: 17.088 Thread 0x00000000012de000 Uncommon trap: reason=unloaded action=reinterpret pc=0x000000000391b008 method=com.android.dx.cf.cst.ConstantPoolParser.parse0(ILjava/util/BitSet;)Lcom/android/dx/rop/cst/Constant; @ 220
Event: 17.347 Thread 0x000000001703d000 Uncommon trap: reason=unreached action=reinterpret pc=0x000000000398757c method=java.util.HashMap.putVal(ILjava/lang/Object;Ljava/lang/Object;ZZ)Ljava/lang/Object; @ 109
Event: 25.476 Thread 0x00000000170cc800 Uncommon trap: reason=unreached action=reinterpret pc=0x000000000368c68c method=java.util.HashMap.resize()[Ljava/util/HashMap$Node; @ 206
Event: 30.981 Thread 0x000000001703e800 Uncommon trap: reason=class_check action=maybe_recompile pc=0x0000000003a66964 method=com.android.dx.ssa.ConstCollector.getConstsSortedByCountUse()Ljava/util/ArrayList; @ 331
Event: 30.981 Thread 0x000000001703e800 Uncommon trap: reason=unreached action=reinterpret pc=0x0000000003784a54 method=java.util.HashMap.getNode(ILjava/lang/Object;)Ljava/util/HashMap$Node; @ 84
Event: 32.234 Thread 0x00000000012de000 Uncommon trap: reason=class_check action=maybe_recompile pc=0x00000000036004a0 method=java.util.Arrays.hashCode([Ljava/lang/Object;)I @ 43
Event: 32.234 Thread 0x00000000012de000 Uncommon trap: reason=class_check action=maybe_recompile pc=0x00000000036004a0 method=java.util.Arrays.hashCode([Ljava/lang/Object;)I @ 43
Event: 32.234 Thread 0x00000000012de000 Uncommon trap: reason=class_check action=maybe_recompile pc=0x00000000036004a0 method=java.util.Arrays.hashCode([Ljava/lang/Object;)I @ 43
Event: 32.234 Thread 0x00000000012de000 Uncommon trap: reason=class_check action=maybe_recompile pc=0x00000000036004a0 method=java.util.Arrays.hashCode([Ljava/lang/Object;)I @ 43
Event: 32.234 Thread 0x00000000012de000 Uncommon trap: reason=class_check action=maybe_recompile pc=0x0000000003565d00 method=java.util.Arrays.hashCode([Ljava/lang/Object;)I @ 43

Internal exceptions (10 events):
Event: 7.668 Thread 0x000000001703d000 Implicit null exception at 0x000000000367f270 to 0x00000000036818c9
Event: 8.754 Thread 0x00000000012de000 Exception <a 'java/security/PrivilegedActionException'> (0x00000000eb8fb538) thrown at [D:\re\workspace\8-2-build-windows-amd64-cygwin\jdk8u25\1677\hotspot\src\share\vm\prims\jvm.cpp, line 1312]
Event: 9.303 Thread 0x00000000170cc800 Exception <a 'java/security/PrivilegedActionException'> (0x00000000ec113bd8) thrown at [D:\re\workspace\8-2-build-windows-amd64-cygwin\jdk8u25\1677\hotspot\src\share\vm\prims\jvm.cpp, line 1312]
Event: 10.708 Thread 0x0000000017657000 Exception <a 'java/security/PrivilegedActionException'> (0x00000000eb24d2f0) thrown at [D:\re\workspace\8-2-build-windows-amd64-cygwin\jdk8u25\1677\hotspot\src\share\vm\prims\jvm.cpp, line 1312]
Event: 14.684 Thread 0x000000001703d000 Implicit null exception at 0x00000000034d38b8 to 0x00000000034d3ba5
Event: 16.044 Thread 0x0000000017657000 Exception <a 'java/lang/ArrayIndexOutOfBoundsException': 18> (0x00000000edc6fb18) thrown at [D:\re\workspace\8-2-build-windows-amd64-cygwin\jdk8u25\1677\hotspot\src\share\vm\interpreter\interpreterRuntime.cpp, line 366]
Event: 16.045 Thread 0x0000000017657000 Exception <a 'java/lang/ArrayIndexOutOfBoundsException'> (0x00000000edc715b0) thrown at [D:\re\workspace\8-2-build-windows-amd64-cygwin\jdk8u25\1677\hotspot\src\share\vm\runtime\sharedRuntime.cpp, line 604]
Event: 16.046 Thread 0x0000000017657000 Exception <a 'java/lang/ArrayIndexOutOfBoundsException'> (0x00000000edc727c8) thrown at [D:\re\workspace\8-2-build-windows-amd64-cygwin\jdk8u25\1677\hotspot\src\share\vm\runtime\sharedRuntime.cpp, line 604]
Event: 26.652 Thread 0x00000000012de000 Exception <a 'java/security/PrivilegedActionException'> (0x00000000f1477f40) thrown at [D:\re\workspace\8-2-build-windows-amd64-cygwin\jdk8u25\1677\hotspot\src\share\vm\prims\jvm.cpp, line 1312]
Event: 32.235 Thread 0x00000000012de000 Exception <a 'java/security/PrivilegedActionException'> (0x00000000eae9dde8) thrown at [D:\re\workspace\8-2-build-windows-amd64-cygwin\jdk8u25\1677\hotspot\src\share\vm\prims\jvm.cpp, line 1312]

Events (10 events):
Event: 32.234 Thread 0x00000000012de000 DEOPT PACKING pc=0x00000000036004a0 sp=0x0000000002c4eb80
Event: 32.234 Thread 0x00000000012de000 DEOPT UNPACKING pc=0x00000000030d556a sp=0x0000000002c4eab0 mode 2
Event: 32.234 Thread 0x00000000012de000 Uncommon trap: trap_request=0xffffffde fr.pc=0x00000000036004a0
Event: 32.234 Thread 0x00000000012de000 DEOPT PACKING pc=0x00000000036004a0 sp=0x0000000002c4eb60
Event: 32.234 Thread 0x00000000012de000 DEOPT UNPACKING pc=0x00000000030d556a sp=0x0000000002c4ea90 mode 2
Event: 32.234 Thread 0x00000000012de000 Uncommon trap: trap_request=0xffffffde fr.pc=0x0000000003565d00
Event: 32.234 Thread 0x00000000012de000 DEOPT PACKING pc=0x0000000003565d00 sp=0x0000000002c4e800
Event: 32.234 Thread 0x00000000012de000 DEOPT UNPACKING pc=0x00000000030d556a sp=0x0000000002c4e788 mode 2
Event: 32.234 loading class com/android/dx/rop/cst/Zeroes
Event: 32.234 loading class com/android/dx/rop/cst/Zeroes done


Dynamic libraries:
0x00007ff63afb0000 - 0x00007ff63afe4000 	C:\Program Files\Java\jdk1.8.0_25\bin\java.exe
0x00007ff95b4c0000 - 0x00007ff95b66d000 	C:\Windows\SYSTEM32\ntdll.dll
0x00007ff95ada0000 - 0x00007ff95aede000 	C:\Windows\system32\KERNEL32.DLL
0x00007ff9589b0000 - 0x00007ff958ac5000 	C:\Windows\system32\KERNELBASE.dll
0x00007ff9571c0000 - 0x00007ff95724e000 	C:\Windows\system32\apphelp.dll
0x00007ff94cbb0000 - 0x00007ff94cc03000 	C:\Windows\AppPatch\AppPatch64\AcGenral.DLL
0x00007ff959060000 - 0x00007ff95910a000 	C:\Windows\system32\msvcrt.dll
0x00007ff958ad0000 - 0x00007ff958afe000 	C:\Windows\system32\SspiCli.dll
0x00007ff95aa00000 - 0x00007ff95aa54000 	C:\Windows\system32\SHLWAPI.dll
0x00007ff95aac0000 - 0x00007ff95ac37000 	C:\Windows\system32\USER32.dll
0x00007ff958b50000 - 0x00007ff958ce4000 	C:\Windows\system32\ole32.dll
0x00007ff959380000 - 0x00007ff95a8aa000 	C:\Windows\system32\SHELL32.dll
0x00007ff957bb0000 - 0x00007ff957bd1000 	C:\Windows\SYSTEM32\USERENV.dll
0x00007ff95b020000 - 0x00007ff95b0ca000 	C:\Windows\system32\ADVAPI32.dll
0x00007ff94b0c0000 - 0x00007ff94b0de000 	C:\Windows\SYSTEM32\MPR.dll
0x00007ff95aee0000 - 0x00007ff95b020000 	C:\Windows\system32\RPCRT4.dll
0x00007ff959300000 - 0x00007ff959359000 	C:\Windows\SYSTEM32\sechost.dll
0x00007ff95b2a0000 - 0x00007ff95b4b1000 	C:\Windows\SYSTEM32\combase.dll
0x00007ff95a8b0000 - 0x00007ff95aa00000 	C:\Windows\system32\GDI32.dll
0x00007ff9585f0000 - 0x00007ff958605000 	C:\Windows\SYSTEM32\profapi.dll
0x00007ff9569d0000 - 0x00007ff956a82000 	C:\Windows\SYSTEM32\SHCORE.dll
0x00007ff959110000 - 0x00007ff959146000 	C:\Windows\system32\IMM32.DLL
0x00007ff95b140000 - 0x00007ff95b292000 	C:\Windows\system32\MSCTF.dll
0x00007ff955c00000 - 0x00007ff955e7b000 	C:\Windows\WinSxS\amd64_microsoft.windows.common-controls_6595b64144ccf1df_6.0.9600.18006_none_623f33d3ecbe86e8\COMCTL32.dll
0x0000000053250000 - 0x0000000053322000 	C:\Program Files\Java\jdk1.8.0_25\jre\bin\msvcr100.dll
0x0000000053330000 - 0x0000000053b8a000 	C:\Program Files\Java\jdk1.8.0_25\jre\bin\server\jvm.dll
0x00007ff94ea10000 - 0x00007ff94ea19000 	C:\Windows\SYSTEM32\WSOCK32.dll
0x00007ff952ca0000 - 0x00007ff952cc2000 	C:\Windows\SYSTEM32\WINMM.dll
0x00007ff958f90000 - 0x00007ff958f97000 	C:\Windows\system32\PSAPI.DLL
0x00007ff95b0e0000 - 0x00007ff95b13a000 	C:\Windows\system32\WS2_32.dll
0x00007ff952be0000 - 0x00007ff952c0a000 	C:\Windows\SYSTEM32\WINMMBASE.dll
0x00007ff95ac50000 - 0x00007ff95ac59000 	C:\Windows\system32\NSI.dll
0x00007ff958b00000 - 0x00007ff958b4f000 	C:\Windows\SYSTEM32\cfgmgr32.dll
0x00007ff957410000 - 0x00007ff957438000 	C:\Windows\SYSTEM32\DEVOBJ.dll
0x0000000053240000 - 0x000000005324f000 	C:\Program Files\Java\jdk1.8.0_25\jre\bin\verify.dll
0x0000000053210000 - 0x0000000053238000 	C:\Program Files\Java\jdk1.8.0_25\jre\bin\java.dll
0x00000000531f0000 - 0x0000000053206000 	C:\Program Files\Java\jdk1.8.0_25\jre\bin\zip.dll

VM Arguments:
jvm_args: -Djava.awt.headless=true -Xmx1024M -Dfile.encoding=x-windows-949 -Duser.country=KR -Duser.language=ko -Duser.variant 
java_command: com.android.dx.command.Main --dex --num-threads=4 --output C:\Users\sangyoun\IDHackathon\aas\app\build\intermediates\pre-dexed\debug\com.android.support-support-v4-23.4.0_cba711ec91c030cb8db5cb1586319338c69e23a1.jar C:\Users\sangyoun\IDHackathon\aas\app\build\intermediates\exploded-aar\com.android.support\support-v4\23.4.0\jars\classes.jar
java_class_path (initial): C:\Users\sangyoun\AppData\Local\Android\sdk\build-tools\23.0.3\lib\dx.jar
Launcher Type: SUN_STANDARD

Environment Variables:
JAVA_HOME=C:\Program Files\Java\jdk1.8.0_25
CLASSPATH=.;C:\Program Files\Java\jdk1.8.0_25\lib\tools.jar
PATH=C:\ProgramData\Oracle\Java\javapath;C:\Program Files (x86)\Intel\iCLS Client\;C:\Program Files\Intel\iCLS Client\;C:\Windows\system32;C:\Windows;C:\Windows\System32\Wbem;C:\Windows\System32\WindowsPowerShell\v1.0\;C:\Program Files (x86)\Windows Live\Shared;C:\Program Files\Intel\Intel(R) Management Engine Components\DAL;C:\Program Files\Intel\Intel(R) Management Engine Components\IPT;C:\Program Files (x86)\Intel\Intel(R) Management Engine Components\DAL;C:\Program Files (x86)\Intel\Intel(R) Management Engine Components\IPT;C:\Program Files\Intel\WiFi\bin\;C:\Program Files\Common Files\Intel\WirelessCommon\;C:\Program Files\Java\jdk1.8.0_25\bin;C:\Users\sangyoun\AppData\Local\Android\android-sdk\tools;C:\Program Files\Microsoft SQL Server\110\Tools\Binn\;C:\Program Files (x86)\Windows Kits\8.1\Windows Performance Toolkit\;C:\Program Files (x86)\Microsoft SDKs\TypeScript\1.0\;C:\Program Files\Git\cmd;C:\Program Files\Git\bin
USERNAME=AppCreater01
OS=Windows_NT
PROCESSOR_IDENTIFIER=Intel64 Family 6 Model 69 Stepping 1, GenuineIntel



---------------  S Y S T E M  ---------------

OS: Windows 8.1 , 64 bit Build 9600 

CPU:total 4 (2 cores per cpu, 2 threads per core) family 6 model 69 stepping 1, cmov, cx8, fxsr, mmx, sse, sse2, sse3, ssse3, sse4.1, sse4.2, popcnt, avx, avx2, aes, clmul, erms, lzcnt, ht, tsc, tscinvbit, bmi1, bmi2

Memory: 4k page, physical 4099872k(406616k free), swap 7245600k(5172k free)

vm_info: Java HotSpot(TM) 64-Bit Server VM (25.25-b02) for windows-amd64 JRE (1.8.0_25-b18), built on Oct  7 2014 14:25:37 by "java_re" with MS VC++ 10.0 (VS2010)

time: Sun May 29 01:46:52 2016
elapsed time: 32 seconds (0d 0h 0m 32s)

