#
# There is insufficient memory for the Java Runtime Environment to continue.
# Native memory allocation (malloc) failed to allocate 1459936 bytes for Chunk::new
# Possible reasons:
#   The system is out of physical RAM or swap space
#   In 32 bit mode, the process size limit was hit
# Possible solutions:
#   Reduce memory load on the system
#   Increase physical memory or swap space
#   Check if swap backing store is full
#   Use 64 bit Java on a 64 bit OS
#   Decrease Java heap size (-Xmx/-Xms)
#   Decrease number of Java threads
#   Decrease Java thread stack sizes (-Xss)
#   Set larger code cache with -XX:ReservedCodeCacheSize=
# This output file may be truncated or incomplete.
#
#  Out of Memory Error (allocation.cpp:390), pid=9548, tid=9012
#
# JRE version: Java(TM) SE Runtime Environment (8.0_25-b18) (build 1.8.0_25-b18)
# Java VM: Java HotSpot(TM) 64-Bit Server VM (25.25-b02 mixed mode windows-amd64 compressed oops)
# Failed to write core dump. Minidumps are not enabled by default on client versions of Windows
#

---------------  T H R E A D  ---------------

Current thread (0x000000001514b000):  JavaThread "C2 CompilerThread0" daemon [_thread_in_native, id=9012, stack(0x0000000016650000,0x0000000016750000)]

Stack: [0x0000000016650000,0x0000000016750000]
Native frames: (J=compiled Java code, j=interpreted, Vv=VM code, C=native code)
V  [jvm.dll+0x31667a]
V  [jvm.dll+0x267073]
V  [jvm.dll+0x267cb3]
V  [jvm.dll+0x25f5b5]
V  [jvm.dll+0xbf165]
V  [jvm.dll+0xbf60c]
V  [jvm.dll+0x45d672]
V  [jvm.dll+0x49e8ef]
V  [jvm.dll+0x452b41]
V  [jvm.dll+0x453864]
V  [jvm.dll+0x437372]
V  [jvm.dll+0x98a02]
V  [jvm.dll+0x991f3]
V  [jvm.dll+0x22bde4]
V  [jvm.dll+0x2852fa]
C  [msvcr100.dll+0x21d9f]
C  [msvcr100.dll+0x21e3b]
C  [KERNEL32.DLL+0x13d2]
C  [ntdll.dll+0x154e4]


Current CompileTask:
C2:  17864 1595   !   4       com.android.dx.cf.code.Ropper::processBlock (1101 bytes)


---------------  P R O C E S S  ---------------

Java Threads: ( => current thread )
  0x0000000016a30000 JavaThread "pool-1-thread-4" [_thread_in_Java, id=8124, stack(0x0000000017b50000,0x0000000017c50000)]
  0x00000000169b3000 JavaThread "pool-1-thread-3" [_thread_blocked, id=9740, stack(0x0000000017a50000,0x0000000017b50000)]
  0x00000000169b2800 JavaThread "pool-1-thread-2" [_thread_blocked, id=6732, stack(0x0000000017950000,0x0000000017a50000)]
  0x0000000016a0e000 JavaThread "pool-2-thread-1" [_thread_blocked, id=9080, stack(0x0000000017850000,0x0000000017950000)]
  0x00000000169e2800 JavaThread "pool-1-thread-1" [_thread_blocked, id=7436, stack(0x0000000017750000,0x0000000017850000)]
  0x00000000167a9000 JavaThread "Service Thread" daemon [_thread_blocked, id=2860, stack(0x0000000016d50000,0x0000000016e50000)]
  0x00000000167a4000 JavaThread "C1 CompilerThread2" daemon [_thread_blocked, id=9492, stack(0x0000000016c50000,0x0000000016d50000)]
  0x000000001679d800 JavaThread "C2 CompilerThread1" daemon [_thread_in_native, id=8912, stack(0x0000000016b50000,0x0000000016c50000)]
=>0x000000001514b000 JavaThread "C2 CompilerThread0" daemon [_thread_in_native, id=9012, stack(0x0000000016650000,0x0000000016750000)]
  0x0000000015149800 JavaThread "Attach Listener" daemon [_thread_blocked, id=2724, stack(0x0000000016550000,0x0000000016650000)]
  0x00000000150fc800 JavaThread "Signal Dispatcher" daemon [_thread_blocked, id=2424, stack(0x0000000016450000,0x0000000016550000)]
  0x0000000002a15000 JavaThread "Finalizer" daemon [_thread_blocked, id=10124, stack(0x0000000016350000,0x0000000016450000)]
  0x0000000002a0c000 JavaThread "Reference Handler" daemon [_thread_blocked, id=8472, stack(0x0000000016250000,0x0000000016350000)]
  0x0000000000cee000 JavaThread "main" [_thread_blocked, id=7736, stack(0x0000000002820000,0x0000000002920000)]

Other Threads:
  0x00000000150b7000 VMThread [stack: 0x0000000016150000,0x0000000016250000] [id=4296]
  0x00000000167ac000 WatcherThread [stack: 0x0000000016e50000,0x0000000016f50000] [id=588]

VM state:not at safepoint (normal execution)

VM Mutex/Monitor currently owned by a thread: None

Heap:
 PSYoungGen      total 35328K, used 4502K [0x00000000eab00000, 0x00000000ef000000, 0x0000000100000000)
  eden space 32768K, 5% used [0x00000000eab00000,0x00000000eace91a8,0x00000000ecb00000)
  from space 2560K, 99% used [0x00000000ecb00000,0x00000000ecd7c6a8,0x00000000ecd80000)
  to   space 2560K, 0% used [0x00000000eed80000,0x00000000eed80000,0x00000000ef000000)
 ParOldGen       total 44032K, used 8988K [0x00000000c0000000, 0x00000000c2b00000, 0x00000000eab00000)
  object space 44032K, 20% used [0x00000000c0000000,0x00000000c08c7070,0x00000000c2b00000)
 Metaspace       used 6209K, capacity 7088K, committed 7296K, reserved 1056768K
  class space    used 596K, capacity 616K, committed 640K, reserved 1048576K

Card table byte_map: [0x0000000011de0000,0x0000000011ff0000] byte_map_base: 0x00000000117e0000

Marking Bits: (ParMarkBitMap*) 0x0000000053b0d490
 Begin Bits: [0x0000000012550000, 0x0000000013550000)
 End Bits:   [0x0000000013550000, 0x0000000014550000)

Polling page: 0x0000000000c10000

CodeCache: size=245760Kb used=7014Kb max_used=7037Kb free=238745Kb
 bounds [0x0000000002a20000, 0x0000000003110000, 0x0000000011a20000]
 total_blobs=1883 nmethods=1617 adapters=180
 compilation: enabled

Compilation events (10 events):
Event: 17.130 Thread 0x00000000167a4000 1638       3       com.android.dx.ssa.back.FirstFitLocalCombiningAllocator$1::visitPhiInsn (6 bytes)
Event: 17.130 Thread 0x00000000167a4000 nmethod 1638 0x00000000030e2450 code [0x00000000030e25c0, 0x00000000030e2748]
Event: 17.130 Thread 0x00000000167a4000 1639       3       com.android.dx.ssa.back.FirstFitLocalCombiningAllocator$Multiset::<init> (24 bytes)
Event: 17.131 Thread 0x00000000167a4000 nmethod 1639 0x00000000030e1f10 code [0x00000000030e2080, 0x00000000030e2370]
Event: 17.131 Thread 0x00000000167a4000 1640       3       com.android.dx.ssa.back.SsaToRop$PhiVisitor::visitPhiInsn (67 bytes)
Event: 17.132 Thread 0x00000000167a4000 nmethod 1640 0x00000000030e0190 code [0x00000000030e03e0, 0x00000000030e13a8]
Event: 17.133 Thread 0x000000001679d800 nmethod 1634 0x00000000030dfc50 code [0x00000000030dfda0, 0x00000000030dffb8]
Event: 17.133 Thread 0x000000001679d800 1626       4       com.android.dx.rop.code.LocalVariableExtractor::processBlock (327 bytes)
Event: 17.138 Thread 0x00000000167a4000 1642       3       com.android.dx.util.ByteArray::getShort (25 bytes)
Event: 17.139 Thread 0x00000000167a4000 nmethod 1642 0x00000000030e59d0 code [0x00000000030e5b40, 0x00000000030e5e08]

GC Heap History (6 events):
Event: 7.171 GC heap before
{Heap before GC invocations=1 (full 0):
 PSYoungGen      total 18944K, used 16384K [0x00000000eab00000, 0x00000000ec000000, 0x0000000100000000)
  eden space 16384K, 100% used [0x00000000eab00000,0x00000000ebb00000,0x00000000ebb00000)
  from space 2560K, 0% used [0x00000000ebd80000,0x00000000ebd80000,0x00000000ec000000)
  to   space 2560K, 0% used [0x00000000ebb00000,0x00000000ebb00000,0x00000000ebd80000)
 ParOldGen       total 44032K, used 0K [0x00000000c0000000, 0x00000000c2b00000, 0x00000000eab00000)
  object space 44032K, 0% used [0x00000000c0000000,0x00000000c0000000,0x00000000c2b00000)
 Metaspace       used 5688K, capacity 6640K, committed 6784K, reserved 1056768K
  class space    used 587K, capacity 616K, committed 640K, reserved 1048576K
Event: 7.348 GC heap after
Heap after GC invocations=1 (full 0):
 PSYoungGen      total 18944K, used 2532K [0x00000000eab00000, 0x00000000ed000000, 0x0000000100000000)
  eden space 16384K, 0% used [0x00000000eab00000,0x00000000eab00000,0x00000000ebb00000)
  from space 2560K, 98% used [0x00000000ebb00000,0x00000000ebd790a8,0x00000000ebd80000)
  to   space 2560K, 0% used [0x00000000ecd80000,0x00000000ecd80000,0x00000000ed000000)
 ParOldGen       total 44032K, used 1660K [0x00000000c0000000, 0x00000000c2b00000, 0x00000000eab00000)
  object space 44032K, 3% used [0x00000000c0000000,0x00000000c019f2b8,0x00000000c2b00000)
 Metaspace       used 5688K, capacity 6640K, committed 6784K, reserved 1056768K
  class space    used 587K, capacity 616K, committed 640K, reserved 1048576K
}
Event: 12.828 GC heap before
{Heap before GC invocations=2 (full 0):
 PSYoungGen      total 18944K, used 18916K [0x00000000eab00000, 0x00000000ed000000, 0x0000000100000000)
  eden space 16384K, 100% used [0x00000000eab00000,0x00000000ebb00000,0x00000000ebb00000)
  from space 2560K, 98% used [0x00000000ebb00000,0x00000000ebd790a8,0x00000000ebd80000)
  to   space 2560K, 0% used [0x00000000ecd80000,0x00000000ecd80000,0x00000000ed000000)
 ParOldGen       total 44032K, used 1660K [0x00000000c0000000, 0x00000000c2b00000, 0x00000000eab00000)
  object space 44032K, 3% used [0x00000000c0000000,0x00000000c019f2b8,0x00000000c2b00000)
 Metaspace       used 6059K, capacity 6960K, committed 7040K, reserved 1056768K
  class space    used 594K, capacity 616K, committed 640K, reserved 1048576K
Event: 13.301 GC heap after
Heap after GC invocations=2 (full 0):
 PSYoungGen      total 35328K, used 2554K [0x00000000eab00000, 0x00000000ed000000, 0x0000000100000000)
  eden space 32768K, 0% used [0x00000000eab00000,0x00000000eab00000,0x00000000ecb00000)
  from space 2560K, 99% used [0x00000000ecd80000,0x00000000ecffe8c0,0x00000000ed000000)
  to   space 2560K, 0% used [0x00000000ecb00000,0x00000000ecb00000,0x00000000ecd80000)
 ParOldGen       total 44032K, used 3766K [0x00000000c0000000, 0x00000000c2b00000, 0x00000000eab00000)
  object space 44032K, 8% used [0x00000000c0000000,0x00000000c03ad830,0x00000000c2b00000)
 Metaspace       used 6059K, capacity 6960K, committed 7040K, reserved 1056768K
  class space    used 594K, capacity 616K, committed 640K, reserved 1048576K
}
Event: 17.303 GC heap before
{Heap before GC invocations=3 (full 0):
 PSYoungGen      total 35328K, used 35322K [0x00000000eab00000, 0x00000000ed000000, 0x0000000100000000)
  eden space 32768K, 100% used [0x00000000eab00000,0x00000000ecb00000,0x00000000ecb00000)
  from space 2560K, 99% used [0x00000000ecd80000,0x00000000ecffe8c0,0x00000000ed000000)
  to   space 2560K, 0% used [0x00000000ecb00000,0x00000000ecb00000,0x00000000ecd80000)
 ParOldGen       total 44032K, used 3766K [0x00000000c0000000, 0x00000000c2b00000, 0x00000000eab00000)
  object space 44032K, 8% used [0x00000000c0000000,0x00000000c03ad830,0x00000000c2b00000)
 Metaspace       used 6207K, capacity 7088K, committed 7296K, reserved 1056768K
  class space    used 596K, capacity 616K, committed 640K, reserved 1048576K
Event: 17.590 GC heap after
Heap after GC invocations=3 (full 0):
 PSYoungGen      total 35328K, used 2545K [0x00000000eab00000, 0x00000000ef000000, 0x0000000100000000)
  eden space 32768K, 0% used [0x00000000eab00000,0x00000000eab00000,0x00000000ecb00000)
  from space 2560K, 99% used [0x00000000ecb00000,0x00000000ecd7c6a8,0x00000000ecd80000)
  to   space 2560K, 0% used [0x00000000eed80000,0x00000000eed80000,0x00000000ef000000)
 ParOldGen       total 44032K, used 8988K [0x00000000c0000000, 0x00000000c2b00000, 0x00000000eab00000)
  object space 44032K, 20% used [0x00000000c0000000,0x00000000c08c7070,0x00000000c2b00000)
 Metaspace       used 6207K, capacity 7088K, committed 7296K, reserved 1056768K
  class space    used 596K, capacity 616K, committed 640K, reserved 1048576K
}

Deoptimization events (10 events):
Event: 15.230 Thread 0x0000000000cee000 Uncommon trap: reason=class_check action=maybe_recompile pc=0x0000000003071984 method=com.android.dx.cf.code.RopperMachine.run(Lcom/android/dx/cf/code/Frame;II)V @ 310
Event: 16.977 Thread 0x0000000016a30000 Uncommon trap: reason=class_check action=maybe_recompile pc=0x000000000309419c method=com.android.dx.cf.code.BytecodeArray.parseInstruction(ILcom/android/dx/cf/code/BytecodeArray$Visitor;)I @ 1051
Event: 17.024 Thread 0x0000000000cee000 Uncommon trap: reason=bimorphic action=maybe_recompile pc=0x0000000002fe00e4 method=com.android.dx.ssa.LiteralOpUpgrader.tryReplacingWithConstant(Lcom/android/dx/ssa/NormalSsaInsn;)Z @ 52
Event: 17.024 Thread 0x0000000000cee000 Uncommon trap: reason=bimorphic action=maybe_recompile pc=0x0000000002fe00e4 method=com.android.dx.ssa.LiteralOpUpgrader.tryReplacingWithConstant(Lcom/android/dx/ssa/NormalSsaInsn;)Z @ 52
Event: 17.111 Thread 0x00000000169b3000 Uncommon trap: reason=bimorphic action=maybe_recompile pc=0x0000000002fe00e4 method=com.android.dx.ssa.LiteralOpUpgrader.tryReplacingWithConstant(Lcom/android/dx/ssa/NormalSsaInsn;)Z @ 52
Event: 17.111 Thread 0x00000000169b3000 Uncommon trap: reason=class_check action=maybe_recompile pc=0x0000000002c7ed30 method=com.android.dx.rop.type.Type.equals(Ljava/lang/Object;)Z @ 8
Event: 17.111 Thread 0x00000000169b3000 Uncommon trap: reason=class_check action=maybe_recompile pc=0x0000000002c7ed30 method=com.android.dx.rop.type.Type.equals(Ljava/lang/Object;)Z @ 8
Event: 17.111 Thread 0x00000000169b3000 Uncommon trap: reason=class_check action=maybe_recompile pc=0x0000000002c7ed30 method=com.android.dx.rop.type.Type.equals(Ljava/lang/Object;)Z @ 8
Event: 17.111 Thread 0x00000000169b3000 Uncommon trap: reason=class_check action=maybe_recompile pc=0x0000000002c7ed30 method=com.android.dx.rop.type.Type.equals(Ljava/lang/Object;)Z @ 8
Event: 17.594 Thread 0x0000000000cee000 Uncommon trap: reason=bimorphic action=maybe_recompile pc=0x0000000002fe00e4 method=com.android.dx.ssa.LiteralOpUpgrader.tryReplacingWithConstant(Lcom/android/dx/ssa/NormalSsaInsn;)Z @ 52

Internal exceptions (10 events):
Event: 7.164 Thread 0x0000000000cee000 Exception <a 'java/security/PrivilegedActionException'> (0x00000000ebad30b0) thrown at [D:\re\workspace\8-2-build-windows-amd64-cygwin\jdk8u25\1677\hotspot\src\share\vm\prims\jvm.cpp, line 1312]
Event: 7.381 Thread 0x00000000169e2800 Exception <a 'java/security/PrivilegedActionException'> (0x00000000eac92038) thrown at [D:\re\workspace\8-2-build-windows-amd64-cygwin\jdk8u25\1677\hotspot\src\share\vm\prims\jvm.cpp, line 1312]
Event: 7.382 Thread 0x00000000169e2800 Exception <a 'java/security/PrivilegedActionException'> (0x00000000eac97a98) thrown at [D:\re\workspace\8-2-build-windows-amd64-cygwin\jdk8u25\1677\hotspot\src\share\vm\prims\jvm.cpp, line 1312]
Event: 7.383 Thread 0x00000000169e2800 Exception <a 'java/security/PrivilegedActionException'> (0x00000000eac9d2d0) thrown at [D:\re\workspace\8-2-build-windows-amd64-cygwin\jdk8u25\1677\hotspot\src\share\vm\prims\jvm.cpp, line 1312]
Event: 7.411 Thread 0x00000000169b3000 Exception <a 'java/security/PrivilegedActionException'> (0x00000000eab90bf0) thrown at [D:\re\workspace\8-2-build-windows-amd64-cygwin\jdk8u25\1677\hotspot\src\share\vm\prims\jvm.cpp, line 1312]
Event: 7.474 Thread 0x0000000000cee000 Exception <a 'java/security/PrivilegedActionException'> (0x00000000eadab418) thrown at [D:\re\workspace\8-2-build-windows-amd64-cygwin\jdk8u25\1677\hotspot\src\share\vm\prims\jvm.cpp, line 1312]
Event: 8.199 Thread 0x00000000169e2800 Exception <a 'java/security/PrivilegedActionException'> (0x00000000eaea8b78) thrown at [D:\re\workspace\8-2-build-windows-amd64-cygwin\jdk8u25\1677\hotspot\src\share\vm\prims\jvm.cpp, line 1312]
Event: 8.212 Thread 0x0000000016a30000 Exception <a 'java/security/PrivilegedActionException'> (0x00000000eaf270c8) thrown at [D:\re\workspace\8-2-build-windows-amd64-cygwin\jdk8u25\1677\hotspot\src\share\vm\prims\jvm.cpp, line 1312]
Event: 13.474 Thread 0x0000000016a30000 Implicit null exception at 0x0000000002f04186 to 0x0000000002f04d89
Event: 14.515 Thread 0x0000000016a30000 Exception <a 'java/security/PrivilegedActionException'> (0x00000000ebeb60e8) thrown at [D:\re\workspace\8-2-build-windows-amd64-cygwin\jdk8u25\1677\hotspot\src\share\vm\prims\jvm.cpp, line 1312]

Events (10 events):
Event: 17.111 Thread 0x00000000169b3000 DEOPT PACKING pc=0x0000000002c7ed30 sp=0x0000000017b4e5b0
Event: 17.111 Thread 0x00000000169b3000 DEOPT UNPACKING pc=0x0000000002a6556a sp=0x0000000017b4e390 mode 2
Event: 17.111 Thread 0x00000000169b3000 Uncommon trap: trap_request=0xffffffde fr.pc=0x0000000002c7ed30
Event: 17.111 Thread 0x00000000169b3000 DEOPT PACKING pc=0x0000000002c7ed30 sp=0x0000000017b4e520
Event: 17.112 Thread 0x00000000169b3000 DEOPT UNPACKING pc=0x0000000002a6556a sp=0x0000000017b4e300 mode 2
Event: 17.148 Executing VM operation: ParallelGCFailedAllocation
Event: 17.591 Executing VM operation: ParallelGCFailedAllocation done
Event: 17.594 Thread 0x0000000000cee000 Uncommon trap: trap_request=0xffffffc6 fr.pc=0x0000000002fe00e4
Event: 17.594 Thread 0x0000000000cee000 DEOPT PACKING pc=0x0000000002fe00e4 sp=0x000000000291e0b0
Event: 17.594 Thread 0x0000000000cee000 DEOPT UNPACKING pc=0x0000000002a6556a sp=0x000000000291e060 mode 2


Dynamic libraries:
0x00007ff63afb0000 - 0x00007ff63afe4000 	C:\Program Files\Java\jdk1.8.0_25\bin\java.exe
0x00007ff95b4c0000 - 0x00007ff95b66d000 	C:\Windows\SYSTEM32\ntdll.dll
0x00007ff95ada0000 - 0x00007ff95aede000 	C:\Windows\system32\KERNEL32.DLL
0x00007ff9589b0000 - 0x00007ff958ac5000 	C:\Windows\system32\KERNELBASE.dll
0x00007ff9571c0000 - 0x00007ff95724e000 	C:\Windows\system32\apphelp.dll
0x00007ff94cbb0000 - 0x00007ff94cc03000 	C:\Windows\AppPatch\AppPatch64\AcGenral.DLL
0x00007ff959060000 - 0x00007ff95910a000 	C:\Windows\system32\msvcrt.dll
0x00007ff958ad0000 - 0x00007ff958afe000 	C:\Windows\system32\SspiCli.dll
0x00007ff95aa00000 - 0x00007ff95aa54000 	C:\Windows\system32\SHLWAPI.dll
0x00007ff95aac0000 - 0x00007ff95ac37000 	C:\Windows\system32\USER32.dll
0x00007ff958b50000 - 0x00007ff958ce4000 	C:\Windows\system32\ole32.dll
0x00007ff959380000 - 0x00007ff95a8aa000 	C:\Windows\system32\SHELL32.dll
0x00007ff957bb0000 - 0x00007ff957bd1000 	C:\Windows\SYSTEM32\USERENV.dll
0x00007ff95b020000 - 0x00007ff95b0ca000 	C:\Windows\system32\ADVAPI32.dll
0x00007ff94b0c0000 - 0x00007ff94b0de000 	C:\Windows\SYSTEM32\MPR.dll
0x00007ff95aee0000 - 0x00007ff95b020000 	C:\Windows\system32\RPCRT4.dll
0x00007ff959300000 - 0x00007ff959359000 	C:\Windows\SYSTEM32\sechost.dll
0x00007ff95b2a0000 - 0x00007ff95b4b1000 	C:\Windows\SYSTEM32\combase.dll
0x00007ff95a8b0000 - 0x00007ff95aa00000 	C:\Windows\system32\GDI32.dll
0x00007ff9585f0000 - 0x00007ff958605000 	C:\Windows\SYSTEM32\profapi.dll
0x00007ff9569d0000 - 0x00007ff956a82000 	C:\Windows\SYSTEM32\SHCORE.dll
0x00007ff959110000 - 0x00007ff959146000 	C:\Windows\system32\IMM32.DLL
0x00007ff95b140000 - 0x00007ff95b292000 	C:\Windows\system32\MSCTF.dll
0x00007ff955c00000 - 0x00007ff955e7b000 	C:\Windows\WinSxS\amd64_microsoft.windows.common-controls_6595b64144ccf1df_6.0.9600.18006_none_623f33d3ecbe86e8\COMCTL32.dll
0x0000000053250000 - 0x0000000053322000 	C:\Program Files\Java\jdk1.8.0_25\jre\bin\msvcr100.dll
0x0000000053330000 - 0x0000000053b8a000 	C:\Program Files\Java\jdk1.8.0_25\jre\bin\server\jvm.dll
0x00007ff94ea10000 - 0x00007ff94ea19000 	C:\Windows\SYSTEM32\WSOCK32.dll
0x00007ff952ca0000 - 0x00007ff952cc2000 	C:\Windows\SYSTEM32\WINMM.dll
0x00007ff958f90000 - 0x00007ff958f97000 	C:\Windows\system32\PSAPI.DLL
0x00007ff95b0e0000 - 0x00007ff95b13a000 	C:\Windows\system32\WS2_32.dll
0x00007ff952be0000 - 0x00007ff952c0a000 	C:\Windows\SYSTEM32\WINMMBASE.dll
0x00007ff95ac50000 - 0x00007ff95ac59000 	C:\Windows\system32\NSI.dll
0x00007ff958b00000 - 0x00007ff958b4f000 	C:\Windows\SYSTEM32\cfgmgr32.dll
0x00007ff957410000 - 0x00007ff957438000 	C:\Windows\SYSTEM32\DEVOBJ.dll
0x0000000053240000 - 0x000000005324f000 	C:\Program Files\Java\jdk1.8.0_25\jre\bin\verify.dll
0x0000000053210000 - 0x0000000053238000 	C:\Program Files\Java\jdk1.8.0_25\jre\bin\java.dll
0x00000000531f0000 - 0x0000000053206000 	C:\Program Files\Java\jdk1.8.0_25\jre\bin\zip.dll
0x00007ff955e80000 - 0x00007ff956009000 	C:\Windows\SYSTEM32\dbghelp.dll

VM Arguments:
jvm_args: -Djava.awt.headless=true -Xmx1024M -Dfile.encoding=x-windows-949 -Duser.country=KR -Duser.language=ko -Duser.variant 
java_command: com.android.dx.command.Main --dex --num-threads=4 --output C:\Users\sangyoun\IDHackathon\aas\app\build\intermediates\pre-dexed\debug\com.android.support-design-23.4.0_f0ee271a7e164d507793e7d01976038d6aad9dfa.jar C:\Users\sangyoun\IDHackathon\aas\app\build\intermediates\exploded-aar\com.android.support\design\23.4.0\jars\classes.jar
java_class_path (initial): C:\Users\sangyoun\AppData\Local\Android\sdk\build-tools\23.0.3\lib\dx.jar
Launcher Type: SUN_STANDARD

Environment Variables:
JAVA_HOME=C:\Program Files\Java\jdk1.8.0_25
CLASSPATH=.;C:\Program Files\Java\jdk1.8.0_25\lib\tools.jar
PATH=C:\ProgramData\Oracle\Java\javapath;C:\Program Files (x86)\Intel\iCLS Client\;C:\Program Files\Intel\iCLS Client\;C:\Windows\system32;C:\Windows;C:\Windows\System32\Wbem;C:\Windows\System32\WindowsPowerShell\v1.0\;C:\Program Files (x86)\Windows Live\Shared;C:\Program Files\Intel\Intel(R) Management Engine Components\DAL;C:\Program Files\Intel\Intel(R) Management Engine Components\IPT;C:\Program Files (x86)\Intel\Intel(R) Management Engine Components\DAL;C:\Program Files (x86)\Intel\Intel(R) Management Engine Components\IPT;C:\Program Files\Intel\WiFi\bin\;C:\Program Files\Common Files\Intel\WirelessCommon\;C:\Program Files\Java\jdk1.8.0_25\bin;C:\Users\sangyoun\AppData\Local\Android\android-sdk\tools;C:\Program Files\Microsoft SQL Server\110\Tools\Binn\;C:\Program Files (x86)\Windows Kits\8.1\Windows Performance Toolkit\;C:\Program Files (x86)\Microsoft SDKs\TypeScript\1.0\;C:\Program Files\Git\cmd;C:\Program Files\Git\bin
USERNAME=AppCreater01
OS=Windows_NT
PROCESSOR_IDENTIFIER=Intel64 Family 6 Model 69 Stepping 1, GenuineIntel



---------------  S Y S T E M  ---------------

OS: Windows 8.1 , 64 bit Build 9600 

CPU:total 4 (2 cores per cpu, 2 threads per core) family 6 model 69 stepping 1, cmov, cx8, fxsr, mmx, sse, sse2, sse3, ssse3, sse4.1, sse4.2, popcnt, avx, avx2, aes, clmul, erms, lzcnt, ht, tsc, tscinvbit, bmi1, bmi2

Memory: 4k page, physical 4099872k(409256k free), swap 7245600k(7444k free)

vm_info: Java HotSpot(TM) 64-Bit Server VM (25.25-b02) for windows-amd64 JRE (1.8.0_25-b18), built on Oct  7 2014 14:25:37 by "java_re" with MS VC++ 10.0 (VS2010)

time: Sun May 29 01:46:52 2016
elapsed time: 17 seconds (0d 0h 0m 17s)

